<?xml version="1.0" encoding="UTF-8"?>
<!-- Generated by org.testng.reporters.JUnitXMLReporter -->
<testsuite hostname="CIPL-1PC28" ignored="12" name="Test" tests="3" failures="0" timestamp="06 Jul 2018 10:55:55 GMT" time="71.355" errors="0">
  <testcase name="ATestFlow" time="0.008" classname="com.sentinel.test.SignUpTestSuite"/>
  <testcase name="BTestFlow" time="0.002" classname="com.sentinel.test.SignUpTestSuite"/>
  <testcase name="verifyFacilityCreateLayout" time="71.31" classname="com.sentinel.test.CreateFacilityTestSuite"/>
  <testcase name="verifyMaxLimitValidUsernameInvalidPassword" time="0.0" classname="com.sentinel.test.SignUpTestSuite">
    <ignored/>
  </testcase> <!-- verifyMaxLimitValidUsernameInvalidPassword -->
  <testcase name="verifyOTPErrorMessagesAndInvalidOTPErrorMessages" time="0.0" classname="com.sentinel.test.SignUpTestSuite">
    <ignored/>
  </testcase> <!-- verifyOTPErrorMessagesAndInvalidOTPErrorMessages -->
  <testcase name="verifyResetPasswordFunctionality" time="0.0" classname="com.sentinel.test.SignUpTestSuite">
    <ignored/>
  </testcase> <!-- verifyResetPasswordFunctionality -->
  <testcase name="verifyMaxLimitResendOTPS" time="0.0" classname="com.sentinel.test.SignUpTestSuite">
    <ignored/>
  </testcase> <!-- verifyMaxLimitResendOTPS -->
  <testcase name="verifyResetPasswordErrorMessages" time="0.0" classname="com.sentinel.test.SignUpTestSuite">
    <ignored/>
  </testcase> <!-- verifyResetPasswordErrorMessages -->
  <testcase name="verifyForgetUsernameOrPasswordPageElements" time="0.0" classname="com.sentinel.test.SignUpTestSuite">
    <ignored/>
  </testcase> <!-- verifyForgetUsernameOrPasswordPageElements -->
  <testcase name="verifyResendUserName" time="0.0" classname="com.sentinel.test.SignUpTestSuite">
    <ignored/>
  </testcase> <!-- verifyResendUserName -->
  <testcase name="verifyErrorMessages" time="0.0" classname="com.sentinel.test.SignUpTestSuite">
    <ignored/>
  </testcase> <!-- verifyErrorMessages -->
  <testcase name="verifyMaxLimitResetPasswordMail" time="0.0" classname="com.sentinel.test.SignUpTestSuite">
    <ignored/>
  </testcase> <!-- verifyMaxLimitResetPasswordMail -->
  <testcase name="@BeforeSuite DriversetUp" time="0.0" classname="com.sentinel.driver.WebDriverTestBase">
    <ignored/>
  </testcase> <!-- @BeforeSuite DriversetUp -->
  <testcase name="verifySentinalSignUpPageLayout" time="0.0" classname="com.sentinel.test.SignUpTestSuite">
    <ignored/>
  </testcase> <!-- verifySentinalSignUpPageLayout -->
  <testcase name="@AfterSuite teardownTest" time="0.0" classname="com.sentinel.driver.WebDriverTestBase">
    <ignored/>
  </testcase> <!-- @AfterSuite teardownTest -->
</testsuite> <!-- Test -->
