<?xml version="1.0" encoding="UTF-8"?>
<!-- Generated by org.testng.reporters.JUnitXMLReporter -->
<testsuite hostname="CIPL-1PC28" ignored="7" name="Verify Department Management Functionality Test Cases" tests="1" failures="0" timestamp="27 Aug 2018 11:36:25 GMT" time="229.223" errors="0">
  <testcase name="addDepartmentToContact" time="229.204" classname="com.sentinel.test.DepartmentManagementTestSuite"/>
  <testcase name="verifyDepartmentManagementPageLayout" time="0.0" classname="com.sentinel.test.DepartmentManagementTestSuite">
    <ignored/>
  </testcase> <!-- verifyDepartmentManagementPageLayout -->
  <testcase name="addAndVerifyFacilityDepartment" time="0.0" classname="com.sentinel.test.DepartmentManagementTestSuite">
    <ignored/>
  </testcase> <!-- addAndVerifyFacilityDepartment -->
  <testcase name="verifyErrorMessagesAndSearchFunctionality" time="0.0" classname="com.sentinel.test.DepartmentManagementTestSuite">
    <ignored/>
  </testcase> <!-- verifyErrorMessagesAndSearchFunctionality -->
  <testcase name="verifyFacilityDepartmentLayout" time="0.0" classname="com.sentinel.test.DepartmentManagementTestSuite">
    <ignored/>
  </testcase> <!-- verifyFacilityDepartmentLayout -->
  <testcase name="verifyNewlyAddedDepartment" time="0.0" classname="com.sentinel.test.DepartmentManagementTestSuite">
    <ignored/>
  </testcase> <!-- verifyNewlyAddedDepartment -->
  <testcase name="verifyDefaultDepartmentAdminCreatedDepartment" time="0.0" classname="com.sentinel.test.DepartmentManagementTestSuite">
    <ignored/>
  </testcase> <!-- verifyDefaultDepartmentAdminCreatedDepartment -->
  <testcase name="verifyNewDepartmentPageLayout" time="0.0" classname="com.sentinel.test.DepartmentManagementTestSuite">
    <ignored/>
  </testcase> <!-- verifyNewDepartmentPageLayout -->
</testsuite> <!-- Verify Department Management Functionality Test Cases -->
