<?xml version="1.0" encoding="UTF-8"?>
<!-- Generated by org.testng.reporters.JUnitXMLReporter -->
<testsuite hostname="CIPL-1PC28" ignored="6" tests="0" failures="0" timestamp="27 Aug 2018 11:32:36 GMT" time="0.0" errors="0">
  <testcase name="verifyNewAddressFieldsWithDataBase" time="0.0" classname="com.sentinel.test.VerifyFacilityListingAndCreateAddressTestSuite">
    <ignored/>
  </testcase> <!-- verifyNewAddressFieldsWithDataBase -->
  <testcase name="verifyFacilityPageLayout" time="0.0" classname="com.sentinel.test.VerifyFacilityListingAndCreateAddressTestSuite">
    <ignored/>
  </testcase> <!-- verifyFacilityPageLayout -->
  <testcase name="verifyFacilityFilter" time="0.0" classname="com.sentinel.test.VerifyFacilityListingAndCreateAddressTestSuite">
    <ignored/>
  </testcase> <!-- verifyFacilityFilter -->
  <testcase name="verifyAddressPageLayout" time="0.0" classname="com.sentinel.test.VerifyFacilityListingAndCreateAddressTestSuite">
    <ignored/>
  </testcase> <!-- verifyAddressPageLayout -->
  <testcase name="verifyNewAddressFieldsErrorMessages" time="0.0" classname="com.sentinel.test.VerifyFacilityListingAndCreateAddressTestSuite">
    <ignored/>
  </testcase> <!-- verifyNewAddressFieldsErrorMessages -->
  <testcase name="verifyNewAddressFieldsLayout" time="0.0" classname="com.sentinel.test.VerifyFacilityListingAndCreateAddressTestSuite">
    <ignored/>
  </testcase> <!-- verifyNewAddressFieldsLayout -->
</testsuite>
