<?xml version="1.0" encoding="UTF-8"?>
<!-- Generated by org.testng.reporters.JUnitXMLReporter -->
<testsuite hostname="CIPL-1PC28" ignored="8" tests="0" failures="0" timestamp="27 Aug 2018 11:32:36 GMT" time="0.001" errors="0">
  <testcase name="verifyEmailGeneratedResetPasswordAndLinkExpired" time="0.0" classname="com.sentinel.test.AddContactWithLoginFunctionalityTestSuite">
    <ignored/>
  </testcase> <!-- verifyEmailGeneratedResetPasswordAndLinkExpired -->
  <testcase name="verifyEditContactPageLayout" time="0.0" classname="com.sentinel.test.AddContactWithLoginFunctionalityTestSuite">
    <ignored/>
  </testcase> <!-- verifyEditContactPageLayout -->
  <testcase name="verifyEditCreatedContactFunctionality" time="0.0" classname="com.sentinel.test.AddContactWithLoginFunctionalityTestSuite">
    <ignored/>
  </testcase> <!-- verifyEditCreatedContactFunctionality -->
  <testcase name="verifyNewContactAddedvaluesInDataBase" time="0.0" classname="com.sentinel.test.AddContactWithLoginFunctionalityTestSuite">
    <ignored/>
  </testcase> <!-- verifyNewContactAddedvaluesInDataBase -->
  <testcase name="verifyNewContactFieldsErrorMessages" time="0.0" classname="com.sentinel.test.AddContactWithLoginFunctionalityTestSuite">
    <ignored/>
  </testcase> <!-- verifyNewContactFieldsErrorMessages -->
  <testcase name="verifyEditContactResendUserNameFunctionality" time="0.0" classname="com.sentinel.test.AddContactWithLoginFunctionalityTestSuite">
    <ignored/>
  </testcase> <!-- verifyEditContactResendUserNameFunctionality -->
  <testcase name="verifyAddContactPageLayout" time="0.0" classname="com.sentinel.test.AddContactWithLoginFunctionalityTestSuite">
    <ignored/>
  </testcase> <!-- verifyAddContactPageLayout -->
  <testcase name="verifyNewContactFieldsLayout" time="0.0" classname="com.sentinel.test.AddContactWithLoginFunctionalityTestSuite">
    <ignored/>
  </testcase> <!-- verifyNewContactFieldsLayout -->
</testsuite>
